<?xml version="1.0" encoding="UTF-8"?>
<!-- Generated by org.testng.reporters.JUnitReportReporter -->
<testsuite hostname="jade031" name="com.Test.DataEntryTest" tests="4" failures="0" timestamp="8 Jul 2016 05:30:16 GMT" time="7.719" errors="0">
  <testcase name="openReports" time="0.810" classname="com.Test.DataEntryTest"/>
  <testcase name="selectStudyDropdown" time="1.606" classname="com.Test.DataEntryTest"/>
  <testcase name="AddSubject" time="3.222" classname="com.Test.DataEntryTest"/>
  <testcase name="verifyLogin" time="2.081" classname="com.Test.DataEntryTest"/>
</testsuite> <!-- com.Test.DataEntryTest -->
