<?xml version="1.0" encoding="UTF-8"?>
<!-- Generated by org.testng.reporters.JUnitReportReporter -->
<testsuite hostname="jade031" name="com.Test.QueryMgmtCustomTest" tests="4" failures="0" timestamp="28 Jun 2016 04:51:49 GMT" time="7.518" errors="0">
  <testcase name="customQuery" time="4.031" classname="com.Test.QueryMgmtCustomTest"/>
  <testcase name="openQueryMgmt" time="0.562" classname="com.Test.QueryMgmtCustomTest"/>
  <testcase name="selectStudyDropdown" time="1.169" classname="com.Test.QueryMgmtCustomTest"/>
  <testcase name="verifyLogin" time="1.756" classname="com.Test.QueryMgmtCustomTest"/>
</testsuite> <!-- com.Test.QueryMgmtCustomTest -->
