<?xml version="1.0" encoding="UTF-8"?>
<!-- Generated by org.testng.reporters.JUnitReportReporter -->
<testsuite hostname="jade031" name="com.Test.QueryMgmtSkipTest" tests="4" failures="0" timestamp="27 Jun 2016 11:07:52 GMT" time="6.876" errors="0">
  <testcase name="skipQuery" time="2.892" classname="com.Test.QueryMgmtSkipTest"/>
  <testcase name="openQueryMgmt" time="0.559" classname="com.Test.QueryMgmtSkipTest"/>
  <testcase name="selectStudyDropdown" time="1.524" classname="com.Test.QueryMgmtSkipTest"/>
  <testcase name="verifyLogin" time="1.901" classname="com.Test.QueryMgmtSkipTest"/>
</testsuite> <!-- com.Test.QueryMgmtSkipTest -->
