<?xml version="1.0" encoding="UTF-8"?>
<!-- Generated by org.testng.reporters.JUnitReportReporter -->
<testsuite hostname="jade031" name="com.Test.Reports_sdsTest" tests="4" failures="0" timestamp="25 Jul 2016 05:58:29 GMT" time="25.704" errors="0">
  <testcase name="verifyLogin" time="12.942" classname="com.Test.Reports_sdsTest"/>
  <testcase name="selectStudyDropdown" time="1.681" classname="com.Test.Reports_sdsTest"/>
  <testcase name="documentMGMT" time="5.077" classname="com.Test.Reports_sdsTest"/>
  <testcase name="openReports" time="6.004" classname="com.Test.Reports_sdsTest"/>
</testsuite> <!-- com.Test.Reports_sdsTest -->
